[    20.346] _XSERVTransSocketUNIXCreateListener: ...SocketCreateListener() failed
[    20.346] _XSERVTransMakeAllCOTSServerListeners: server already running
[    20.347] (--) Log file renamed from "/home/lucky/.local/share/xorg/Xorg.pid-2113.log" to "/home/lucky/.local/share/xorg/Xorg.1.log"
[    20.347] 
X.Org X Server 1.21.1.7
X Protocol Version 11, Revision 0
[    20.347] Current Operating System: Linux kali 6.1.0-kali5-amd64 #1 SMP PREEMPT_DYNAMIC Debian 6.1.12-1kali2 (2023-02-23) x86_64
[    20.347] Kernel command line: BOOT_IMAGE=/boot/vmlinuz-6.1.0-kali5-amd64 root=UUID=c7f3cfb6-6c7b-4f84-bfe5-f90470feceda ro quiet splash
[    20.347] xorg-server 2:21.1.7-1 (https://www.debian.org/support) 
[    20.347] Current version of pixman: 0.42.2
[    20.347] 	Before reporting problems, check http://wiki.x.org
	to make sure that you have the latest version.
[    20.347] Markers: (--) probed, (**) from config file, (==) default setting,
	(++) from command line, (!!) notice, (II) informational,
	(WW) warning, (EE) error, (NI) not implemented, (??) unknown.
[    20.347] (==) Log file: "/home/lucky/.local/share/xorg/Xorg.1.log", Time: Sun May 14 07:02:45 2023
[    20.348] (==) Using system config directory "/usr/share/X11/xorg.conf.d"
[    20.348] (==) No Layout section.  Using the first Screen section.
[    20.348] (==) No screen section available. Using defaults.
[    20.348] (**) |-->Screen "Default Screen Section" (0)
[    20.348] (**) |   |-->Monitor "<default monitor>"
[    20.348] (==) No monitor specified for screen "Default Screen Section".
	Using a default monitor configuration.
[    20.348] (==) Automatically adding devices
[    20.348] (==) Automatically enabling devices
[    20.348] (==) Automatically adding GPU devices
[    20.348] (==) Automatically binding GPU devices
[    20.348] (==) Max clients allowed: 256, resource mask: 0x1fffff
[    20.348] (WW) The directory "/usr/share/fonts/X11/cyrillic" does not exist.
[    20.348] 	Entry deleted from font path.
[    20.348] (==) FontPath set to:
	/usr/share/fonts/X11/misc,
	/usr/share/fonts/X11/100dpi/:unscaled,
	/usr/share/fonts/X11/75dpi/:unscaled,
	/usr/share/fonts/X11/Type1,
	/usr/share/fonts/X11/100dpi,
	/usr/share/fonts/X11/75dpi,
	built-ins
[    20.348] (==) ModulePath set to "/usr/lib/xorg/modules"
[    20.348] (II) The server relies on udev to provide the list of input devices.
	If no devices become available, reconfigure udev or disable AutoAddDevices.
[    20.348] (II) Loader magic: 0x563fb116df00
[    20.348] (II) Module ABI versions:
[    20.348] 	X.Org ANSI C Emulation: 0.4
[    20.348] 	X.Org Video Driver: 25.2
[    20.348] 	X.Org XInput driver : 24.4
[    20.348] 	X.Org Server Extension : 10.0
[    20.349] (++) using VT number 2

[    20.351] (II) systemd-logind: took control of session /org/freedesktop/login1/session/_32
[    20.351] (II) xfree86: Adding drm device (/dev/dri/card0)
[    20.351] (II) Platform probe for /sys/devices/pci0000:00/0000:00:01.0/0000:01:00.0/drm/card0
[    20.352] (II) systemd-logind: got fd for /dev/dri/card0 226:0 fd 15 paused 0
[    20.352] (II) xfree86: Adding drm device (/dev/dri/card1)
[    20.352] (II) Platform probe for /sys/devices/pci0000:00/0000:00:02.0/drm/card1
[    20.353] (II) systemd-logind: got fd for /dev/dri/card1 226:1 fd 16 paused 0
[    20.355] (--) PCI:*(0@0:2:0) 8086:3e9b:1025:1264 rev 0, Mem @ 0xa2000000/16777216, 0xb0000000/268435456, I/O @ 0x00005000/64, BIOS @ 0x????????/131072
[    20.355] (--) PCI: (1@0:0:0) 10de:1c8c:1025:1265 rev 161, Mem @ 0xa3000000/16777216, 0x90000000/268435456, 0xa0000000/33554432, I/O @ 0x00004000/128, BIOS @ 0x????????/524288
[    20.355] (II) LoadModule: "glx"
[    20.355] (II) Loading /usr/lib/xorg/modules/extensions/libglx.so
[    20.356] (II) Module glx: vendor="X.Org Foundation"
[    20.356] 	compiled for 1.21.1.7, module version = 1.0.0
[    20.356] 	ABI class: X.Org Server Extension, version 10.0
[    20.414] (==) Matched modesetting as autoconfigured driver 0
[    20.414] (==) Matched fbdev as autoconfigured driver 1
[    20.414] (==) Matched vesa as autoconfigured driver 2
[    20.414] (==) Assigned the driver to the xf86ConfigLayout
[    20.414] (II) LoadModule: "modesetting"
[    20.414] (II) Loading /usr/lib/xorg/modules/drivers/modesetting_drv.so
[    20.414] (II) Module modesetting: vendor="X.Org Foundation"
[    20.415] 	compiled for 1.21.1.7, module version = 1.21.1
[    20.415] 	Module class: X.Org Video Driver
[    20.415] 	ABI class: X.Org Video Driver, version 25.2
[    20.415] (II) LoadModule: "fbdev"
[    20.415] (II) Loading /usr/lib/xorg/modules/drivers/fbdev_drv.so
[    20.415] (II) Module fbdev: vendor="X.Org Foundation"
[    20.415] 	compiled for 1.21.1.3, module version = 0.5.0
[    20.415] 	Module class: X.Org Video Driver
[    20.415] 	ABI class: X.Org Video Driver, version 25.2
[    20.415] (II) LoadModule: "vesa"
[    20.415] (II) Loading /usr/lib/xorg/modules/drivers/vesa_drv.so
[    20.415] (II) Module vesa: vendor="X.Org Foundation"
[    20.415] 	compiled for 1.21.1.3, module version = 2.5.0
[    20.415] 	Module class: X.Org Video Driver
[    20.415] 	ABI class: X.Org Video Driver, version 25.2
[    20.415] (II) modesetting: Driver for Modesetting Kernel Drivers: kms
[    20.415] (II) FBDEV: driver for framebuffer: fbdev
[    20.415] (II) VESA: driver for VESA chipsets: vesa
[    20.415] xf86EnableIO: failed to enable I/O ports 0000-03ff (Operation not permitted)
[    20.415] (II) modeset(0): using drv /dev/dri/card1
[    20.415] (WW) Falling back to old probe method for fbdev
[    20.415] (II) Loading sub module "fbdevhw"
[    20.415] (II) LoadModule: "fbdevhw"
[    20.415] (II) Loading /usr/lib/xorg/modules/libfbdevhw.so
[    20.415] (II) Module fbdevhw: vendor="X.Org Foundation"
[    20.415] 	compiled for 1.21.1.7, module version = 0.0.2
[    20.415] 	ABI class: X.Org Video Driver, version 25.2
[    20.415] (EE) open /dev/fb0: Permission denied
[    20.415] (II) modeset(G0): using drv /dev/dri/card0
[    20.415] (WW) VGA arbiter: cannot open kernel arbiter, no multi-card support
[    20.415] (II) modeset(0): Creating default Display subsection in Screen section
	"Default Screen Section" for depth/fbbpp 24/32
[    20.415] (==) modeset(0): Depth 24, (==) framebuffer bpp 32
[    20.415] (==) modeset(0): RGB weight 888
[    20.415] (==) modeset(0): Default visual is TrueColor
[    20.415] (II) Loading sub module "glamoregl"
[    20.415] (II) LoadModule: "glamoregl"
[    20.415] (II) Loading /usr/lib/xorg/modules/libglamoregl.so
[    20.417] (II) Module glamoregl: vendor="X.Org Foundation"
[    20.417] 	compiled for 1.21.1.7, module version = 1.0.1
[    20.417] 	ABI class: X.Org ANSI C Emulation, version 0.4
[    20.445] (II) modeset(0): glamor X acceleration enabled on Mesa Intel(R) UHD Graphics 630 (CFL GT2)
[    20.445] (II) modeset(0): glamor initialized
[    20.445] (==) modeset(0): VariableRefresh: disabled
[    20.445] (==) modeset(0): AsyncFlipSecondaries: disabled
[    20.447] (II) modeset(0): Output eDP-1 has no monitor section
[    20.448] (II) modeset(0): EDID for output eDP-1
[    20.448] (II) modeset(0): Manufacturer: AUO  Model: 61ed  Serial#: 0
[    20.448] (II) modeset(0): Year: 2016  Week: 0
[    20.448] (II) modeset(0): EDID Version: 1.4
[    20.448] (II) modeset(0): Digital Display Input
[    20.448] (II) modeset(0): 6 bits per channel
[    20.448] (II) modeset(0): Digital interface is DisplayPort
[    20.448] (II) modeset(0): Max Image Size [cm]: horiz.: 34  vert.: 19
[    20.448] (II) modeset(0): Gamma: 2.20
[    20.448] (II) modeset(0): No DPMS capabilities specified
[    20.448] (II) modeset(0): Supported color encodings: RGB 4:4:4 
[    20.448] (II) modeset(0): First detailed timing is preferred mode
[    20.448] (II) modeset(0): Preferred mode is native pixel format and refresh rate
[    20.448] (II) modeset(0): redX: 0.575 redY: 0.345   greenX: 0.350 greenY: 0.575
[    20.448] (II) modeset(0): blueX: 0.160 blueY: 0.150   whiteX: 0.313 whiteY: 0.329
[    20.448] (II) modeset(0): Manufacturer's mask: 0
[    20.448] (II) modeset(0): Supported detailed timing:
[    20.449] (II) modeset(0): clock: 142.0 MHz   Image Size:  344 x 193 mm
[    20.449] (II) modeset(0): h_active: 1920  h_sync: 2028  h_sync_end 2076 h_blank_end 2100 h_border: 0
[    20.449] (II) modeset(0): v_active: 1080  v_sync: 1090  v_sync_end 1100 v_blanking: 1126 v_border: 0
[    20.449] (II) modeset(0): Unknown vendor-specific block f
[    20.449] (II) modeset(0):  AUO
[    20.449] (II) modeset(0):  B156HAN06.1
[    20.449] (II) modeset(0): EDID (in hex):
[    20.449] (II) modeset(0): 	00ffffffffffff0006afed6100000000
[    20.449] (II) modeset(0): 	001a0104952213780259259358599329
[    20.449] (II) modeset(0): 	26505400000001010101010101010101
[    20.449] (II) modeset(0): 	010101010101783780b470382e406c30
[    20.449] (II) modeset(0): 	aa0058c1100000180000000f00000000
[    20.449] (II) modeset(0): 	00000000000000000020000000fe0041
[    20.449] (II) modeset(0): 	554f0a202020202020202020000000fe
[    20.449] (II) modeset(0): 	004231353648414e30362e31200a00ea
[    20.449] (II) modeset(0): Printing probed modes for output eDP-1
[    20.449] (II) modeset(0): Modeline "1920x1080"x60.1  142.00  1920 2028 2076 2100  1080 1090 1100 1126 -hsync -vsync (67.6 kHz eP)
[    20.449] (II) modeset(0): Modeline "1920x1080"x120.0  356.38  1920 2080 2288 2656  1080 1081 1084 1118 doublescan -hsync +vsync (134.2 kHz d)
[    20.449] (II) modeset(0): Modeline "1920x1080"x119.9  266.50  1920 1944 1960 2000  1080 1081 1084 1111 doublescan +hsync -vsync (133.2 kHz d)
[    20.449] (II) modeset(0): Modeline "1920x1080"x60.0  173.00  1920 2048 2248 2576  1080 1083 1088 1120 -hsync +vsync (67.2 kHz d)
[    20.449] (II) modeset(0): Modeline "1920x1080"x59.9  138.50  1920 1968 2000 2080  1080 1083 1088 1111 +hsync -vsync (66.6 kHz d)
[    20.449] (II) modeset(0): Modeline "1680x1050"x60.0  146.25  1680 1784 1960 2240  1050 1053 1059 1089 -hsync +vsync (65.3 kHz d)
[    20.449] (II) modeset(0): Modeline "1680x1050"x59.9  119.00  1680 1728 1760 1840  1050 1053 1059 1080 +hsync -vsync (64.7 kHz d)
[    20.449] (II) modeset(0): Modeline "1400x1050"x60.0  122.00  1400 1488 1640 1880  1050 1052 1064 1082 +hsync +vsync (64.9 kHz d)
[    20.449] (II) modeset(0): Modeline "1600x900"x120.0  246.00  1600 1728 1900 2200  900 901 904 932 doublescan -hsync +vsync (111.8 kHz d)
[    20.449] (II) modeset(0): Modeline "1600x900"x119.9  186.50  1600 1624 1640 1680  900 901 904 926 doublescan +hsync -vsync (111.0 kHz d)
[    20.449] (II) modeset(0): Modeline "1600x900"x59.9  118.25  1600 1696 1856 2112  900 903 908 934 -hsync +vsync (56.0 kHz d)
[    20.449] (II) modeset(0): Modeline "1600x900"x59.8   97.50  1600 1648 1680 1760  900 903 908 926 +hsync -vsync (55.4 kHz d)
[    20.449] (II) modeset(0): Modeline "1280x1024"x60.0  108.00  1280 1328 1440 1688  1024 1025 1028 1066 +hsync +vsync (64.0 kHz d)
[    20.449] (II) modeset(0): Modeline "1400x900"x60.0  103.50  1400 1480 1624 1848  900 903 913 934 -hsync +vsync (56.0 kHz d)
[    20.449] (II) modeset(0): Modeline "1400x900"x59.9   86.50  1400 1448 1480 1560  900 903 913 926 +hsync -vsync (55.4 kHz d)
[    20.449] (II) modeset(0): Modeline "1280x960"x60.0  108.00  1280 1376 1488 1800  960 961 964 1000 +hsync +vsync (60.0 kHz d)
[    20.449] (II) modeset(0): Modeline "1440x810"x120.0  198.12  1440 1548 1704 1968  810 811 814 839 doublescan -hsync +vsync (100.7 kHz d)
[    20.449] (II) modeset(0): Modeline "1440x810"x119.9  151.88  1440 1464 1480 1520  810 811 814 833 doublescan +hsync -vsync (99.9 kHz d)
[    20.449] (II) modeset(0): Modeline "1368x768"x59.9   85.25  1368 1440 1576 1784  768 771 781 798 -hsync +vsync (47.8 kHz d)
[    20.449] (II) modeset(0): Modeline "1368x768"x59.9   72.25  1368 1416 1448 1528  768 771 781 790 +hsync -vsync (47.3 kHz d)
[    20.449] (II) modeset(0): Modeline "1280x800"x120.0  174.25  1280 1380 1516 1752  800 801 804 829 doublescan -hsync +vsync (99.5 kHz d)
[    20.449] (II) modeset(0): Modeline "1280x800"x119.9  134.25  1280 1304 1320 1360  800 801 804 823 doublescan +hsync -vsync (98.7 kHz d)
[    20.449] (II) modeset(0): Modeline "1280x800"x59.8   83.50  1280 1352 1480 1680  800 803 809 831 -hsync +vsync (49.7 kHz d)
[    20.449] (II) modeset(0): Modeline "1280x800"x59.9   71.00  1280 1328 1360 1440  800 803 809 823 +hsync -vsync (49.3 kHz d)
[    20.449] (II) modeset(0): Modeline "1280x720"x120.0  156.12  1280 1376 1512 1744  720 721 724 746 doublescan -hsync +vsync (89.5 kHz d)
[    20.449] (II) modeset(0): Modeline "1280x720"x120.0  120.75  1280 1304 1320 1360  720 721 724 740 doublescan +hsync -vsync (88.8 kHz d)
[    20.449] (II) modeset(0): Modeline "1280x720"x59.9   74.50  1280 1344 1472 1664  720 723 728 748 -hsync +vsync (44.8 kHz d)
[    20.449] (II) modeset(0): Modeline "1280x720"x59.7   63.75  1280 1328 1360 1440  720 723 728 741 +hsync -vsync (44.3 kHz d)
[    20.449] (II) modeset(0): Modeline "1024x768"x120.1  133.47  1024 1100 1212 1400  768 768 770 794 doublescan -hsync +vsync (95.3 kHz d)
[    20.449] (II) modeset(0): Modeline "1024x768"x60.0   65.00  1024 1048 1184 1344  768 771 777 806 -hsync -vsync (48.4 kHz d)
[    20.449] (II) modeset(0): Modeline "960x720"x120.0  117.00  960 1024 1128 1300  720 720 722 750 doublescan -hsync +vsync (90.0 kHz d)
[    20.449] (II) modeset(0): Modeline "928x696"x120.1  109.15  928 976 1088 1264  696 696 698 719 doublescan -hsync +vsync (86.4 kHz d)
[    20.449] (II) modeset(0): Modeline "896x672"x120.0  102.40  896 960 1060 1224  672 672 674 697 doublescan -hsync +vsync (83.7 kHz d)
[    20.449] (II) modeset(0): Modeline "1024x576"x119.9   98.50  1024 1092 1200 1376  576 577 580 597 doublescan -hsync +vsync (71.6 kHz d)
[    20.449] (II) modeset(0): Modeline "1024x576"x119.9   78.38  1024 1048 1064 1104  576 577 580 592 doublescan +hsync -vsync (71.0 kHz d)
[    20.449] (II) modeset(0): Modeline "1024x576"x59.9   46.50  1024 1064 1160 1296  576 579 584 599 -hsync +vsync (35.9 kHz d)
[    20.449] (II) modeset(0): Modeline "1024x576"x59.8   42.00  1024 1072 1104 1184  576 579 584 593 +hsync -vsync (35.5 kHz d)
[    20.449] (II) modeset(0): Modeline "960x600"x119.9   96.62  960 1028 1128 1296  600 601 604 622 doublescan -hsync +vsync (74.6 kHz d)
[    20.449] (II) modeset(0): Modeline "960x600"x120.0   77.00  960 984 1000 1040  600 601 604 617 doublescan +hsync -vsync (74.0 kHz d)
[    20.449] (II) modeset(0): Modeline "960x540"x119.9   86.50  960 1024 1124 1288  540 541 544 560 doublescan -hsync +vsync (67.2 kHz d)
[    20.449] (II) modeset(0): Modeline "960x540"x120.0   69.25  960 984 1000 1040  540 541 544 555 doublescan +hsync -vsync (66.6 kHz d)
[    20.449] (II) modeset(0): Modeline "960x540"x59.6   40.75  960 992 1088 1216  540 543 548 562 -hsync +vsync (33.5 kHz d)
[    20.449] (II) modeset(0): Modeline "960x540"x59.8   37.25  960 1008 1040 1120  540 543 548 556 +hsync -vsync (33.3 kHz d)
[    20.449] (II) modeset(0): Modeline "800x600"x120.0   81.00  800 832 928 1080  600 600 602 625 doublescan +hsync +vsync (75.0 kHz d)
[    20.449] (II) modeset(0): Modeline "800x600"x60.3   40.00  800 840 968 1056  600 601 605 628 +hsync +vsync (37.9 kHz d)
[    20.449] (II) modeset(0): Modeline "800x600"x56.2   36.00  800 824 896 1024  600 601 603 625 +hsync +vsync (35.2 kHz d)
[    20.449] (II) modeset(0): Modeline "840x525"x120.0   73.12  840 892 980 1120  525 526 529 544 doublescan -hsync +vsync (65.3 kHz d)
[    20.449] (II) modeset(0): Modeline "840x525"x119.8   59.50  840 864 880 920  525 526 529 540 doublescan +hsync -vsync (64.7 kHz d)
[    20.449] (II) modeset(0): Modeline "864x486"x59.9   32.50  864 888 968 1072  486 489 494 506 -hsync +vsync (30.3 kHz d)
[    20.449] (II) modeset(0): Modeline "864x486"x59.6   30.50  864 912 944 1024  486 489 494 500 +hsync -vsync (29.8 kHz d)
[    20.449] (II) modeset(0): Modeline "700x525"x120.0   61.00  700 744 820 940  525 526 532 541 doublescan +hsync +vsync (64.9 kHz d)
[    20.449] (II) modeset(0): Modeline "800x450"x119.9   59.12  800 848 928 1056  450 451 454 467 doublescan -hsync +vsync (56.0 kHz d)
[    20.449] (II) modeset(0): Modeline "800x450"x119.6   48.75  800 824 840 880  450 451 454 463 doublescan +hsync -vsync (55.4 kHz d)
[    20.449] (II) modeset(0): Modeline "640x512"x120.0   54.00  640 664 720 844  512 512 514 533 doublescan +hsync +vsync (64.0 kHz d)
[    20.449] (II) modeset(0): Modeline "700x450"x119.9   51.75  700 740 812 924  450 451 456 467 doublescan -hsync +vsync (56.0 kHz d)
[    20.449] (II) modeset(0): Modeline "700x450"x119.8   43.25  700 724 740 780  450 451 456 463 doublescan +hsync -vsync (55.4 kHz d)
[    20.449] (II) modeset(0): Modeline "640x480"x120.0   54.00  640 688 744 900  480 480 482 500 doublescan +hsync +vsync (60.0 kHz d)
[    20.449] (II) modeset(0): Modeline "640x480"x59.9   25.18  640 656 752 800  480 490 492 525 -hsync -vsync (31.5 kHz d)
[    20.449] (II) modeset(0): Modeline "720x405"x59.5   22.50  720 744 808 896  405 408 413 422 -hsync +vsync (25.1 kHz d)
[    20.449] (II) modeset(0): Modeline "720x405"x59.0   21.75  720 768 800 880  405 408 413 419 +hsync -vsync (24.7 kHz d)
[    20.449] (II) modeset(0): Modeline "684x384"x119.8   42.62  684 720 788 892  384 385 390 399 doublescan -hsync +vsync (47.8 kHz d)
[    20.449] (II) modeset(0): Modeline "684x384"x119.7   36.12  684 708 724 764  384 385 390 395 doublescan +hsync -vsync (47.3 kHz d)
[    20.449] (II) modeset(0): Modeline "640x400"x119.8   41.75  640 676 740 840  400 401 404 415 doublescan -hsync +vsync (49.7 kHz d)
[    20.449] (II) modeset(0): Modeline "640x400"x120.0   35.50  640 664 680 720  400 401 404 411 doublescan +hsync -vsync (49.3 kHz d)
[    20.449] (II) modeset(0): Modeline "640x360"x119.7   37.25  640 672 736 832  360 361 364 374 doublescan -hsync +vsync (44.8 kHz d)
[    20.449] (II) modeset(0): Modeline "640x360"x119.7   31.88  640 664 680 720  360 361 364 370 doublescan +hsync -vsync (44.3 kHz d)
[    20.449] (II) modeset(0): Modeline "640x360"x59.8   18.00  640 664 720 800  360 363 368 376 -hsync +vsync (22.5 kHz d)
[    20.449] (II) modeset(0): Modeline "640x360"x59.3   17.75  640 688 720 800  360 363 368 374 +hsync -vsync (22.2 kHz d)
[    20.449] (II) modeset(0): Modeline "512x384"x120.0   32.50  512 524 592 672  384 385 388 403 doublescan -hsync -vsync (48.4 kHz d)
[    20.449] (II) modeset(0): Modeline "512x288"x120.0   23.25  512 532 580 648  288 289 292 299 doublescan -hsync +vsync (35.9 kHz d)
[    20.449] (II) modeset(0): Modeline "512x288"x119.8   21.00  512 536 552 592  288 289 292 296 doublescan +hsync -vsync (35.5 kHz d)
[    20.449] (II) modeset(0): Modeline "480x270"x119.3   20.38  480 496 544 608  270 271 274 281 doublescan -hsync +vsync (33.5 kHz d)
[    20.449] (II) modeset(0): Modeline "480x270"x119.6   18.62  480 504 520 560  270 271 274 278 doublescan +hsync -vsync (33.3 kHz d)
[    20.449] (II) modeset(0): Modeline "400x300"x120.6   20.00  400 420 484 528  300 300 302 314 doublescan +hsync +vsync (37.9 kHz d)
[    20.449] (II) modeset(0): Modeline "400x300"x112.7   18.00  400 412 448 512  300 300 301 312 doublescan +hsync +vsync (35.2 kHz d)
[    20.449] (II) modeset(0): Modeline "432x243"x119.8   16.25  432 444 484 536  243 244 247 253 doublescan -hsync +vsync (30.3 kHz d)
[    20.449] (II) modeset(0): Modeline "432x243"x119.1   15.25  432 456 472 512  243 244 247 250 doublescan +hsync -vsync (29.8 kHz d)
[    20.449] (II) modeset(0): Modeline "320x240"x120.1   12.59  320 328 376 400  240 245 246 262 doublescan -hsync -vsync (31.5 kHz d)
[    20.449] (II) modeset(0): Modeline "360x202"x119.0   11.25  360 372 404 448  202 204 206 211 doublescan -hsync +vsync (25.1 kHz d)
[    20.449] (II) modeset(0): Modeline "360x202"x118.3   10.88  360 384 400 440  202 204 206 209 doublescan +hsync -vsync (24.7 kHz d)
[    20.449] (II) modeset(0): Modeline "320x180"x119.7    9.00  320 332 360 400  180 181 184 188 doublescan -hsync +vsync (22.5 kHz d)
[    20.449] (II) modeset(0): Modeline "320x180"x118.6    8.88  320 344 360 400  180 181 184 187 doublescan +hsync -vsync (22.2 kHz d)
[    20.449] (II) modeset(0): Output eDP-1 connected
[    20.449] (II) modeset(0): Using exact sizes for initial modes
[    20.449] (II) modeset(0): Output eDP-1 using initial mode 1920x1080 +0+0
[    20.449] (==) modeset(0): Using gamma correction (1.0, 1.0, 1.0)
[    20.449] (==) modeset(0): DPI set to (96, 96)
[    20.449] (II) Loading sub module "fb"
[    20.449] (II) LoadModule: "fb"
[    20.449] (II) Module "fb" already built-in
[    20.450] (==) modeset(G0): Depth 24, (==) framebuffer bpp 32
[    20.450] (==) modeset(G0): RGB weight 888
[    20.450] (==) modeset(G0): Default visual is TrueColor
[    20.450] (II) Loading sub module "glamoregl"
[    20.450] (II) LoadModule: "glamoregl"
[    20.450] (II) Loading /usr/lib/xorg/modules/libglamoregl.so
[    20.450] (II) Module glamoregl: vendor="X.Org Foundation"
[    20.450] 	compiled for 1.21.1.7, module version = 1.0.1
[    20.450] 	ABI class: X.Org ANSI C Emulation, version 0.4
[    20.457] (II) modeset(G0): glamor X acceleration enabled on NV137
[    20.457] (II) modeset(G0): glamor initialized
[    20.458] (II) modeset(G0): Output HDMI-1-1 has no monitor section
[    20.460] (II) modeset(G0): EDID for output HDMI-1-1
[    20.460] (==) modeset(G0): Using gamma correction (1.0, 1.0, 1.0)
[    20.460] (==) modeset(G0): DPI set to (96, 96)
[    20.460] (II) Loading sub module "fb"
[    20.460] (II) LoadModule: "fb"
[    20.460] (II) Module "fb" already built-in
[    20.460] (II) UnloadModule: "fbdev"
[    20.460] (II) Unloading fbdev
[    20.460] (II) UnloadSubModule: "fbdevhw"
[    20.460] (II) Unloading fbdevhw
[    20.460] (II) UnloadModule: "vesa"
[    20.460] (II) Unloading vesa
[    20.483] (==) modeset(0): Backing store enabled
[    20.483] (==) modeset(0): Silken mouse enabled
[    20.565] (II) modeset(0): Initializing kms color map for depth 24, 8 bpc.
[    20.565] (==) modeset(0): DPMS enabled
[    20.565] (II) modeset(0): [DRI2] Setup complete
[    20.565] (II) modeset(0): [DRI2]   DRI driver: iris
[    20.565] (II) modeset(0): [DRI2]   VDPAU driver: va_gl
[    20.570] (==) modeset(G0): Backing store enabled
[    20.570] (==) modeset(G0): Silken mouse enabled
[    20.571] (II) modeset(G0): Initializing kms color map for depth 24, 8 bpc.
[    20.571] (==) modeset(G0): DPMS enabled
[    20.571] (II) modeset(G0): [DRI2] Setup complete
[    20.571] (II) modeset(G0): [DRI2]   DRI driver: nouveau
[    20.571] (II) modeset(G0): [DRI2]   VDPAU driver: nouveau
[    20.571] (II) Initializing extension Generic Event Extension
[    20.571] (II) Initializing extension SHAPE
[    20.571] (II) Initializing extension MIT-SHM
[    20.571] (II) Initializing extension XInputExtension
[    20.571] (II) Initializing extension XTEST
[    20.571] (II) Initializing extension BIG-REQUESTS
[    20.571] (II) Initializing extension SYNC
[    20.571] (II) Initializing extension XKEYBOARD
[    20.571] (II) Initializing extension XC-MISC
[    20.571] (II) Initializing extension SECURITY
[    20.571] (II) Initializing extension XFIXES
[    20.571] (II) Initializing extension RENDER
[    20.571] (II) Initializing extension RANDR
[    20.572] (II) Initializing extension COMPOSITE
[    20.572] (II) Initializing extension DAMAGE
[    20.572] (II) Initializing extension MIT-SCREEN-SAVER
[    20.572] (II) Initializing extension DOUBLE-BUFFER
[    20.572] (II) Initializing extension RECORD
[    20.572] (II) Initializing extension DPMS
[    20.572] (II) Initializing extension Present
[    20.572] (II) Initializing extension DRI3
[    20.572] (II) Initializing extension X-Resource
[    20.572] (II) Initializing extension XVideo
[    20.572] (II) Initializing extension XVideo-MotionCompensation
[    20.572] (II) Initializing extension SELinux
[    20.572] (II) SELinux: Disabled on system
[    20.572] (II) Initializing extension GLX
[    20.577] (II) AIGLX: Loaded and initialized iris
[    20.577] (II) GLX: Initialized DRI2 GL provider for screen 0
[    20.577] (II) Initializing extension XFree86-VidModeExtension
[    20.577] (II) Initializing extension XFree86-DGA
[    20.578] (II) Initializing extension XFree86-DRI
[    20.578] (II) Initializing extension DRI2
[    20.578] (II) modeset(G0): Damage tracking initialized
[    20.578] (II) modeset(0): Damage tracking initialized
[    20.578] (II) modeset(0): Setting screen physical size to 508 x 285
[    20.621] (II) config/udev: Adding input device Acer Wireless Radio Control (/dev/input/event9)
[    20.621] (**) Acer Wireless Radio Control: Applying InputClass "libinput keyboard catchall"
[    20.621] (II) LoadModule: "libinput"
[    20.621] (II) Loading /usr/lib/xorg/modules/input/libinput_drv.so
[    20.623] (II) Module libinput: vendor="X.Org Foundation"
[    20.623] 	compiled for 1.21.1.3, module version = 1.2.1
[    20.623] 	Module class: X.Org XInput Driver
[    20.623] 	ABI class: X.Org XInput driver, version 24.4
[    20.623] (II) Using input driver 'libinput' for 'Acer Wireless Radio Control'
[    20.623] (II) systemd-logind: got fd for /dev/input/event9 13:73 fd 34 paused 0
[    20.623] (**) Acer Wireless Radio Control: always reports core events
[    20.623] (**) Option "Device" "/dev/input/event9"
[    20.625] (II) event9  - Acer Wireless Radio Control: is tagged by udev as: Keyboard
[    20.625] (II) event9  - Acer Wireless Radio Control: device is a keyboard
[    20.626] (II) event9  - Acer Wireless Radio Control: device removed
[    20.626] (**) Option "config_info" "udev:/sys/devices/LNXSYSTM:00/10251229:00/input/input10/event9"
[    20.626] (II) XINPUT: Adding extended input device "Acer Wireless Radio Control" (type: KEYBOARD, id 6)
[    20.626] (**) Option "xkb_model" "pc105"
[    20.626] (**) Option "xkb_layout" "us"
[    20.626] (II) event9  - Acer Wireless Radio Control: is tagged by udev as: Keyboard
[    20.626] (II) event9  - Acer Wireless Radio Control: device is a keyboard
[    20.627] (II) config/udev: Adding input device Power Button (/dev/input/event4)
[    20.627] (**) Power Button: Applying InputClass "libinput keyboard catchall"
[    20.627] (II) Using input driver 'libinput' for 'Power Button'
[    20.628] (II) systemd-logind: got fd for /dev/input/event4 13:68 fd 37 paused 0
[    20.628] (**) Power Button: always reports core events
[    20.628] (**) Option "Device" "/dev/input/event4"
[    20.628] (II) event4  - Power Button: is tagged by udev as: Keyboard
[    20.628] (II) event4  - Power Button: device is a keyboard
[    20.629] (II) event4  - Power Button: device removed
[    20.629] (**) Option "config_info" "udev:/sys/devices/LNXSYSTM:00/LNXPWRBN:00/input/input4/event4"
[    20.629] (II) XINPUT: Adding extended input device "Power Button" (type: KEYBOARD, id 7)
[    20.629] (**) Option "xkb_model" "pc105"
[    20.629] (**) Option "xkb_layout" "us"
[    20.629] (II) event4  - Power Button: is tagged by udev as: Keyboard
[    20.630] (II) event4  - Power Button: device is a keyboard
[    20.630] (II) config/udev: Adding input device Video Bus (/dev/input/event8)
[    20.630] (**) Video Bus: Applying InputClass "libinput keyboard catchall"
[    20.630] (II) Using input driver 'libinput' for 'Video Bus'
[    20.631] (II) systemd-logind: got fd for /dev/input/event8 13:72 fd 38 paused 0
[    20.631] (**) Video Bus: always reports core events
[    20.631] (**) Option "Device" "/dev/input/event8"
[    20.632] (II) event8  - Video Bus: is tagged by udev as: Keyboard
[    20.632] (II) event8  - Video Bus: device is a keyboard
[    20.632] (II) event8  - Video Bus: device removed
[    20.632] (**) Option "config_info" "udev:/sys/devices/LNXSYSTM:00/LNXSYBUS:00/PNP0A08:00/LNXVIDEO:01/input/input9/event8"
[    20.632] (II) XINPUT: Adding extended input device "Video Bus" (type: KEYBOARD, id 8)
[    20.632] (**) Option "xkb_model" "pc105"
[    20.632] (**) Option "xkb_layout" "us"
[    20.632] (II) event8  - Video Bus: is tagged by udev as: Keyboard
[    20.632] (II) event8  - Video Bus: device is a keyboard
[    20.633] (II) config/udev: Adding input device Video Bus (/dev/input/event7)
[    20.633] (**) Video Bus: Applying InputClass "libinput keyboard catchall"
[    20.633] (II) Using input driver 'libinput' for 'Video Bus'
[    20.634] (II) systemd-logind: got fd for /dev/input/event7 13:71 fd 39 paused 0
[    20.634] (**) Video Bus: always reports core events
[    20.634] (**) Option "Device" "/dev/input/event7"
[    20.634] (II) event7  - Video Bus: is tagged by udev as: Keyboard
[    20.634] (II) event7  - Video Bus: device is a keyboard
[    20.635] (II) event7  - Video Bus: device removed
[    20.635] (**) Option "config_info" "udev:/sys/devices/LNXSYSTM:00/LNXSYBUS:00/PNP0A08:00/device:00/LNXVIDEO:00/input/input8/event7"
[    20.635] (II) XINPUT: Adding extended input device "Video Bus" (type: KEYBOARD, id 9)
[    20.635] (**) Option "xkb_model" "pc105"
[    20.635] (**) Option "xkb_layout" "us"
[    20.635] (II) event7  - Video Bus: is tagged by udev as: Keyboard
[    20.636] (II) event7  - Video Bus: device is a keyboard
[    20.636] (II) config/udev: Adding input device Lid Switch (/dev/input/event1)
[    20.636] (II) No input driver specified, ignoring this device.
[    20.636] (II) This device may have been added with another device file.
[    20.636] (II) config/udev: Adding input device Power Button (/dev/input/event3)
[    20.636] (**) Power Button: Applying InputClass "libinput keyboard catchall"
[    20.636] (II) Using input driver 'libinput' for 'Power Button'
[    20.637] (II) systemd-logind: got fd for /dev/input/event3 13:67 fd 40 paused 0
[    20.637] (**) Power Button: always reports core events
[    20.637] (**) Option "Device" "/dev/input/event3"
[    20.638] (II) event3  - Power Button: is tagged by udev as: Keyboard
[    20.638] (II) event3  - Power Button: device is a keyboard
[    20.638] (II) event3  - Power Button: device removed
[    20.638] (**) Option "config_info" "udev:/sys/devices/LNXSYSTM:00/LNXSYBUS:00/PNP0C0C:00/input/input3/event3"
[    20.638] (II) XINPUT: Adding extended input device "Power Button" (type: KEYBOARD, id 10)
[    20.638] (**) Option "xkb_model" "pc105"
[    20.638] (**) Option "xkb_layout" "us"
[    20.639] (II) event3  - Power Button: is tagged by udev as: Keyboard
[    20.639] (II) event3  - Power Button: device is a keyboard
[    20.639] (II) config/udev: Adding input device Sleep Button (/dev/input/event2)
[    20.639] (**) Sleep Button: Applying InputClass "libinput keyboard catchall"
[    20.639] (II) Using input driver 'libinput' for 'Sleep Button'
[    20.640] (II) systemd-logind: got fd for /dev/input/event2 13:66 fd 41 paused 0
[    20.640] (**) Sleep Button: always reports core events
[    20.640] (**) Option "Device" "/dev/input/event2"
[    20.640] (II) event2  - Sleep Button: is tagged by udev as: Keyboard
[    20.640] (II) event2  - Sleep Button: device is a keyboard
[    20.640] (II) event2  - Sleep Button: device removed
[    20.641] (**) Option "config_info" "udev:/sys/devices/LNXSYSTM:00/LNXSYBUS:00/PNP0C0E:00/input/input2/event2"
[    20.641] (II) XINPUT: Adding extended input device "Sleep Button" (type: KEYBOARD, id 11)
[    20.641] (**) Option "xkb_model" "pc105"
[    20.641] (**) Option "xkb_layout" "us"
[    20.641] (II) event2  - Sleep Button: is tagged by udev as: Keyboard
[    20.641] (II) event2  - Sleep Button: device is a keyboard
[    20.642] (II) config/udev: Adding input device HDA NVidia HDMI/DP,pcm=3 (/dev/input/event13)
[    20.642] (II) No input driver specified, ignoring this device.
[    20.642] (II) This device may have been added with another device file.
[    20.642] (II) config/udev: Adding input device HDA NVidia HDMI/DP,pcm=7 (/dev/input/event14)
[    20.642] (II) No input driver specified, ignoring this device.
[    20.642] (II) This device may have been added with another device file.
[    20.642] (II) config/udev: Adding input device HDA NVidia HDMI/DP,pcm=8 (/dev/input/event15)
[    20.642] (II) No input driver specified, ignoring this device.
[    20.642] (II) This device may have been added with another device file.
[    20.643] (II) config/udev: Adding input device HDA NVidia HDMI/DP,pcm=9 (/dev/input/event16)
[    20.643] (II) No input driver specified, ignoring this device.
[    20.643] (II) This device may have been added with another device file.
[    20.643] (II) config/udev: Adding input device HD User Facing: HD User Facing (/dev/input/event12)
[    20.643] (**) HD User Facing: HD User Facing: Applying InputClass "libinput keyboard catchall"
[    20.643] (II) Using input driver 'libinput' for 'HD User Facing: HD User Facing'
[    20.644] (II) systemd-logind: got fd for /dev/input/event12 13:76 fd 42 paused 0
[    20.644] (**) HD User Facing: HD User Facing: always reports core events
[    20.644] (**) Option "Device" "/dev/input/event12"
[    20.645] (II) event12 - HD User Facing: HD User Facing: is tagged by udev as: Keyboard
[    20.645] (II) event12 - HD User Facing: HD User Facing: device is a keyboard
[    20.645] (II) event12 - HD User Facing: HD User Facing: device removed
[    20.645] (**) Option "config_info" "udev:/sys/devices/pci0000:00/0000:00:14.0/usb1/1-5/1-5:1.0/input/input16/event12"
[    20.645] (II) XINPUT: Adding extended input device "HD User Facing: HD User Facing" (type: KEYBOARD, id 12)
[    20.645] (**) Option "xkb_model" "pc105"
[    20.645] (**) Option "xkb_layout" "us"
[    20.647] (II) event12 - HD User Facing: HD User Facing: is tagged by udev as: Keyboard
[    20.647] (II) event12 - HD User Facing: HD User Facing: device is a keyboard
[    20.647] (II) config/udev: Adding input device ELAN0504:01 04F3:3091 Mouse (/dev/input/event10)
[    20.647] (**) ELAN0504:01 04F3:3091 Mouse: Applying InputClass "libinput pointer catchall"
[    20.647] (II) Using input driver 'libinput' for 'ELAN0504:01 04F3:3091 Mouse'
[    20.648] (II) systemd-logind: got fd for /dev/input/event10 13:74 fd 43 paused 0
[    20.648] (**) ELAN0504:01 04F3:3091 Mouse: always reports core events
[    20.648] (**) Option "Device" "/dev/input/event10"
[    20.649] (II) event10 - ELAN0504:01 04F3:3091 Mouse: is tagged by udev as: Mouse Pointingstick
[    20.649] (II) event10 - ELAN0504:01 04F3:3091 Mouse: device is a pointer
[    20.650] (II) event10 - ELAN0504:01 04F3:3091 Mouse: device removed
[    20.650] (**) Option "config_info" "udev:/sys/devices/pci0000:00/0000:00:15.1/i2c_designware.1/i2c-1/i2c-ELAN0504:01/0018:04F3:3091.0001/input/input13/event10"
[    20.650] (II) XINPUT: Adding extended input device "ELAN0504:01 04F3:3091 Mouse" (type: MOUSE, id 13)
[    20.650] (**) Option "AccelerationScheme" "none"
[    20.650] (**) ELAN0504:01 04F3:3091 Mouse: (accel) selected scheme none/0
[    20.650] (**) ELAN0504:01 04F3:3091 Mouse: (accel) acceleration factor: 2.000
[    20.650] (**) ELAN0504:01 04F3:3091 Mouse: (accel) acceleration threshold: 4
[    20.651] (II) event10 - ELAN0504:01 04F3:3091 Mouse: is tagged by udev as: Mouse Pointingstick
[    20.651] (II) event10 - ELAN0504:01 04F3:3091 Mouse: device is a pointer
[    20.653] (II) config/udev: Adding input device ELAN0504:01 04F3:3091 Mouse (/dev/input/mouse0)
[    20.653] (II) No input driver specified, ignoring this device.
[    20.653] (II) This device may have been added with another device file.
[    20.653] (II) config/udev: Adding input device ELAN0504:01 04F3:3091 Touchpad (/dev/input/event11)
[    20.653] (**) ELAN0504:01 04F3:3091 Touchpad: Applying InputClass "libinput touchpad catchall"
[    20.653] (II) Using input driver 'libinput' for 'ELAN0504:01 04F3:3091 Touchpad'
[    20.654] (II) systemd-logind: got fd for /dev/input/event11 13:75 fd 44 paused 0
[    20.654] (**) ELAN0504:01 04F3:3091 Touchpad: always reports core events
[    20.654] (**) Option "Device" "/dev/input/event11"
[    20.655] (II) event11 - ELAN0504:01 04F3:3091 Touchpad: is tagged by udev as: Touchpad
[    20.656] (II) event11 - ELAN0504:01 04F3:3091 Touchpad: device is a touchpad
[    20.656] (II) event11 - ELAN0504:01 04F3:3091 Touchpad: device removed
[    20.656] (**) Option "config_info" "udev:/sys/devices/pci0000:00/0000:00:15.1/i2c_designware.1/i2c-1/i2c-ELAN0504:01/0018:04F3:3091.0001/input/input15/event11"
[    20.657] (II) XINPUT: Adding extended input device "ELAN0504:01 04F3:3091 Touchpad" (type: TOUCHPAD, id 14)
[    20.658] (**) Option "AccelerationScheme" "none"
[    20.658] (**) ELAN0504:01 04F3:3091 Touchpad: (accel) selected scheme none/0
[    20.658] (**) ELAN0504:01 04F3:3091 Touchpad: (accel) acceleration factor: 2.000
[    20.658] (**) ELAN0504:01 04F3:3091 Touchpad: (accel) acceleration threshold: 4
[    20.658] (II) event11 - ELAN0504:01 04F3:3091 Touchpad: is tagged by udev as: Touchpad
[    20.660] (II) event11 - ELAN0504:01 04F3:3091 Touchpad: device is a touchpad
[    20.660] (II) config/udev: Adding input device ELAN0504:01 04F3:3091 Touchpad (/dev/input/mouse1)
[    20.660] (II) No input driver specified, ignoring this device.
[    20.660] (II) This device may have been added with another device file.
[    20.661] (II) config/udev: Adding input device HDA Digital PCBeep (/dev/input/event17)
[    20.661] (II) No input driver specified, ignoring this device.
[    20.661] (II) This device may have been added with another device file.
[    20.661] (II) config/udev: Adding input device HDA Intel PCH Front Headphone (/dev/input/event18)
[    20.661] (II) No input driver specified, ignoring this device.
[    20.661] (II) This device may have been added with another device file.
[    20.661] (II) config/udev: Adding input device AT Translated Set 2 keyboard (/dev/input/event0)
[    20.661] (**) AT Translated Set 2 keyboard: Applying InputClass "libinput keyboard catchall"
[    20.661] (II) Using input driver 'libinput' for 'AT Translated Set 2 keyboard'
[    20.662] (II) systemd-logind: got fd for /dev/input/event0 13:64 fd 45 paused 0
[    20.662] (**) AT Translated Set 2 keyboard: always reports core events
[    20.662] (**) Option "Device" "/dev/input/event0"
[    20.663] (II) event0  - AT Translated Set 2 keyboard: is tagged by udev as: Keyboard
[    20.663] (II) event0  - AT Translated Set 2 keyboard: device is a keyboard
[    20.664] (II) event0  - AT Translated Set 2 keyboard: device removed
[    20.664] (**) Option "config_info" "udev:/sys/devices/platform/i8042/serio0/input/input0/event0"
[    20.664] (II) XINPUT: Adding extended input device "AT Translated Set 2 keyboard" (type: KEYBOARD, id 15)
[    20.664] (**) Option "xkb_model" "pc105"
[    20.664] (**) Option "xkb_layout" "us"
[    20.664] (II) event0  - AT Translated Set 2 keyboard: is tagged by udev as: Keyboard
[    20.664] (II) event0  - AT Translated Set 2 keyboard: device is a keyboard
[    20.665] (II) config/udev: Adding input device PC Speaker (/dev/input/event5)
[    20.666] (II) No input driver specified, ignoring this device.
[    20.666] (II) This device may have been added with another device file.
[    20.666] (II) config/udev: Adding input device Acer WMI hotkeys (/dev/input/event6)
[    20.666] (**) Acer WMI hotkeys: Applying InputClass "libinput keyboard catchall"
[    20.666] (II) Using input driver 'libinput' for 'Acer WMI hotkeys'
[    20.667] (II) systemd-logind: got fd for /dev/input/event6 13:70 fd 46 paused 0
[    20.667] (**) Acer WMI hotkeys: always reports core events
[    20.667] (**) Option "Device" "/dev/input/event6"
[    20.667] (II) event6  - Acer WMI hotkeys: is tagged by udev as: Keyboard
[    20.667] (II) event6  - Acer WMI hotkeys: device is a keyboard
[    20.667] (II) event6  - Acer WMI hotkeys: device removed
[    20.667] (**) Option "config_info" "udev:/sys/devices/virtual/input/input12/event6"
[    20.667] (II) XINPUT: Adding extended input device "Acer WMI hotkeys" (type: KEYBOARD, id 16)
[    20.667] (**) Option "xkb_model" "pc105"
[    20.667] (**) Option "xkb_layout" "us"
[    20.668] (II) event6  - Acer WMI hotkeys: is tagged by udev as: Keyboard
[    20.668] (II) event6  - Acer WMI hotkeys: device is a keyboard
[    21.348] (II) modeset(0): EDID vendor "AUO", prod id 25069
[    21.348] (II) modeset(0): Printing DDC gathered Modelines:
[    21.348] (II) modeset(0): Modeline "1920x1080"x0.0  142.00  1920 2028 2076 2100  1080 1090 1100 1126 -hsync -vsync (67.6 kHz eP)
[    21.364] (II) modeset(0): EDID vendor "AUO", prod id 25069
[    21.364] (II) modeset(0): Printing DDC gathered Modelines:
[    21.364] (II) modeset(0): Modeline "1920x1080"x0.0  142.00  1920 2028 2076 2100  1080 1090 1100 1126 -hsync -vsync (67.6 kHz eP)
[ 15338.670] (II) config/udev: Adding input device FB 666 (AVRCP) (/dev/input/event19)
[ 15338.670] (**) FB 666 (AVRCP): Applying InputClass "libinput keyboard catchall"
[ 15338.670] (II) Using input driver 'libinput' for 'FB 666 (AVRCP)'
[ 15338.670] (II) systemd-logind: got fd for /dev/input/event19 13:83 fd 73 paused 0
[ 15338.670] (**) FB 666 (AVRCP): always reports core events
[ 15338.670] (**) Option "Device" "/dev/input/event19"
[ 15338.671] (II) event19 - FB 666 (AVRCP): is tagged by udev as: Keyboard
[ 15338.671] (II) event19 - FB 666 (AVRCP): device is a keyboard
[ 15338.671] (II) event19 - FB 666 (AVRCP): device removed
[ 15338.671] (**) Option "config_info" "udev:/sys/devices/virtual/input/input23/event19"
[ 15338.671] (II) XINPUT: Adding extended input device "FB 666 (AVRCP)" (type: KEYBOARD, id 17)
[ 15338.671] (**) Option "xkb_model" "pc105"
[ 15338.671] (**) Option "xkb_layout" "us"
[ 15338.671] (WW) Option "xkb_variant" requires a string value
[ 15338.671] (WW) Option "xkb_options" requires a string value
[ 15338.672] (II) event19 - FB 666 (AVRCP): is tagged by udev as: Keyboard
[ 15338.672] (II) event19 - FB 666 (AVRCP): device is a keyboard
[ 17836.463] (II) event19 - FB 666 (AVRCP): device removed
[ 17836.480] (II) config/udev: removing device FB 666 (AVRCP)
[ 17836.480] (**) Option "fd" "73"
[ 17836.481] (II) UnloadModule: "libinput"
[ 17836.481] (II) systemd-logind: releasing fd for 13:83
[ 17850.949] (II) config/udev: Adding input device FB 666 (AVRCP) (/dev/input/event19)
[ 17850.949] (**) FB 666 (AVRCP): Applying InputClass "libinput keyboard catchall"
[ 17850.949] (II) Using input driver 'libinput' for 'FB 666 (AVRCP)'
[ 17850.950] (II) systemd-logind: got fd for /dev/input/event19 13:83 fd 73 paused 0
[ 17850.950] (**) FB 666 (AVRCP): always reports core events
[ 17850.950] (**) Option "Device" "/dev/input/event19"
[ 17850.950] (II) event19 - FB 666 (AVRCP): is tagged by udev as: Keyboard
[ 17850.950] (II) event19 - FB 666 (AVRCP): device is a keyboard
[ 17850.951] (II) event19 - FB 666 (AVRCP): device removed
[ 17850.951] (**) Option "config_info" "udev:/sys/devices/virtual/input/input24/event19"
[ 17850.951] (II) XINPUT: Adding extended input device "FB 666 (AVRCP)" (type: KEYBOARD, id 17)
[ 17850.951] (**) Option "xkb_model" "pc105"
[ 17850.951] (**) Option "xkb_layout" "us"
[ 17850.951] (WW) Option "xkb_variant" requires a string value
[ 17850.951] (WW) Option "xkb_options" requires a string value
[ 17850.952] (II) event19 - FB 666 (AVRCP): is tagged by udev as: Keyboard
[ 17850.952] (II) event19 - FB 666 (AVRCP): device is a keyboard
[ 17940.470] (II) event19 - FB 666 (AVRCP): device removed
[ 17940.492] (II) config/udev: removing device FB 666 (AVRCP)
[ 17940.492] (**) Option "fd" "73"
[ 17940.494] (II) UnloadModule: "libinput"
[ 17940.494] (II) systemd-logind: releasing fd for 13:83
[ 18102.721] (II) config/udev: Adding input device FB 666 (AVRCP) (/dev/input/event19)
[ 18102.721] (**) FB 666 (AVRCP): Applying InputClass "libinput keyboard catchall"
[ 18102.721] (II) Using input driver 'libinput' for 'FB 666 (AVRCP)'
[ 18102.722] (II) systemd-logind: got fd for /dev/input/event19 13:83 fd 73 paused 0
[ 18102.722] (**) FB 666 (AVRCP): always reports core events
[ 18102.722] (**) Option "Device" "/dev/input/event19"
[ 18102.722] (II) event19 - FB 666 (AVRCP): is tagged by udev as: Keyboard
[ 18102.722] (II) event19 - FB 666 (AVRCP): device is a keyboard
[ 18102.723] (II) event19 - FB 666 (AVRCP): device removed
[ 18102.723] (**) Option "config_info" "udev:/sys/devices/virtual/input/input25/event19"
[ 18102.723] (II) XINPUT: Adding extended input device "FB 666 (AVRCP)" (type: KEYBOARD, id 17)
[ 18102.723] (**) Option "xkb_model" "pc105"
[ 18102.723] (**) Option "xkb_layout" "us"
[ 18102.723] (WW) Option "xkb_variant" requires a string value
[ 18102.723] (WW) Option "xkb_options" requires a string value
[ 18102.724] (II) event19 - FB 666 (AVRCP): is tagged by udev as: Keyboard
[ 18102.724] (II) event19 - FB 666 (AVRCP): device is a keyboard
