qrc:/ui/MainWindow/Meeting/MeetingJoinPanel.qml:69: TypeError: Cannot read property 'participantName' of null
qrc:/ui/MainWindow/Meeting/MeetingJoinPanel.qml:17: TypeError: Cannot read property 'joinEnabled' of null
qrc:/ui/MainWindow/Meeting/MeetingJoinPanel.qml:18: TypeError: Cannot read property 'joining' of null
file:///opt/teamviewer/tv_bin/RTlib/qt/qml/QtQuick/Controls/Private/Style.qml:52: ReferenceError: __control is not defined
file:///opt/teamviewer/tv_bin/RTlib/qt/qml/QtQuick/Controls/Styles/Base/ScrollViewStyle.qml:56: ReferenceError: __control is not defined
qrc:/ui/MainWindow/Onboarding/OnboardingTab.qml:80: TypeError: Cannot read property 'headline' of null
qrc:/ui/MainWindow/Onboarding/OnboardingTab.qml:95: TypeError: Cannot read property 'image' of null
qrc:/ui/MainWindow/Onboarding/OnboardingTab.qml:101: TypeError: Cannot read property 'text' of null
qrc:/ui/MainWindow/Partnerlist/Partnerlist.qml:24: TypeError: Cannot read property 'itemModel' of null
qrc:/ui/MainWindow/Partnerlist/PartnerlistItem.qml:20:2: Unable to assign [undefined] to int
qrc:/ui/MainWindow/Partnerlist/PartnerlistItem.qml:19:2: Unable to assign [undefined] to int
qrc:/ui/MainWindow/Partnerlist/PartnerlistItem.qml:18:2: Unable to assign [undefined] to int
qrc:/ui/MainWindow/Partnerlist/PartnerlistItem.qml:20:2: Unable to assign [undefined] to int
qrc:/ui/MainWindow/Partnerlist/PartnerlistItem.qml:19:2: Unable to assign [undefined] to int
qrc:/ui/MainWindow/Partnerlist/PartnerlistItem.qml:18:2: Unable to assign [undefined] to int
qrc:/ui/MainWindow/Partnerlist/PartnerlistItem.qml:20:2: Unable to assign [undefined] to int
qrc:/ui/MainWindow/Partnerlist/PartnerlistItem.qml:19:2: Unable to assign [undefined] to int
qrc:/ui/MainWindow/Partnerlist/PartnerlistItem.qml:18:2: Unable to assign [undefined] to int
qrc:/ui/MainWindow/Partnerlist/PartnerlistItem.qml:20:2: Unable to assign [undefined] to int
qrc:/ui/MainWindow/Partnerlist/PartnerlistItem.qml:19:2: Unable to assign [undefined] to int
qrc:/ui/MainWindow/Partnerlist/PartnerlistItem.qml:18:2: Unable to assign [undefined] to int
qrc:/ui/MainWindow/Partnerlist/PartnerlistItem.qml:20:2: Unable to assign [undefined] to int
qrc:/ui/MainWindow/Partnerlist/PartnerlistItem.qml:19:2: Unable to assign [undefined] to int
qrc:/ui/MainWindow/Partnerlist/PartnerlistItem.qml:18:2: Unable to assign [undefined] to int
qrc:/ui/ClientWindow/RCClientMenus/RCClientMenuView.qml:253:2: QML RibbonGroup: Binding loop detected for property "implicitHeight"
qrc:/ui/ClientWindow/RCClientMenus/RCClientMenuActions.qml:148:2: QML RibbonGroup: Binding loop detected for property "implicitHeight"
qrc:/ui/ClientWindow/RCClientMenus/RCClientMenuActions.qml:28:2: QML RibbonGroup: Binding loop detected for property "implicitHeight"
qrc:/ui/ClientWindow/RCClientMenus/RCClientMenuCommunicate.qml:48:3: QML RibbonButton: Binding loop detected for property "implicitHeight"
Qt Quick Layouts: Polish loop detected. Aborting after two iterations.
qrc:/ui/MainWindow/Partnerlist/Partnerlist.qml:24: TypeError: Cannot read property 'itemModel' of null
qrc:/ui/MainWindow/Partnerlist/PartnerlistItem.qml:20:2: Unable to assign [undefined] to int
qrc:/ui/MainWindow/Partnerlist/PartnerlistItem.qml:19:2: Unable to assign [undefined] to int
qrc:/ui/MainWindow/Partnerlist/PartnerlistItem.qml:18:2: Unable to assign [undefined] to int
qrc:/ui/MainWindow/Partnerlist/PartnerlistItem.qml:20:2: Unable to assign [undefined] to int
qrc:/ui/MainWindow/Partnerlist/PartnerlistItem.qml:19:2: Unable to assign [undefined] to int
qrc:/ui/MainWindow/Partnerlist/PartnerlistItem.qml:18:2: Unable to assign [undefined] to int
qrc:/ui/MainWindow/Partnerlist/PartnerlistItem.qml:20:2: Unable to assign [undefined] to int
qrc:/ui/MainWindow/Partnerlist/PartnerlistItem.qml:19:2: Unable to assign [undefined] to int
qrc:/ui/MainWindow/Partnerlist/PartnerlistItem.qml:18:2: Unable to assign [undefined] to int
qrc:/ui/MainWindow/Partnerlist/PartnerlistItem.qml:20:2: Unable to assign [undefined] to int
qrc:/ui/MainWindow/Partnerlist/PartnerlistItem.qml:19:2: Unable to assign [undefined] to int
qrc:/ui/MainWindow/Partnerlist/PartnerlistItem.qml:18:2: Unable to assign [undefined] to int
qrc:/ui/MainWindow/Partnerlist/PartnerlistItem.qml:20:2: Unable to assign [undefined] to int
qrc:/ui/MainWindow/Partnerlist/PartnerlistItem.qml:19:2: Unable to assign [undefined] to int
qrc:/ui/MainWindow/Partnerlist/PartnerlistItem.qml:18:2: Unable to assign [undefined] to int
qrc:/ui/MainWindow/Partnerlist/Partnerlist.qml:24: TypeError: Cannot read property 'itemModel' of null
qrc:/ui/MainWindow/Partnerlist/PartnerlistItem.qml:20:2: Unable to assign [undefined] to int
qrc:/ui/MainWindow/Partnerlist/PartnerlistItem.qml:19:2: Unable to assign [undefined] to int
qrc:/ui/MainWindow/Partnerlist/PartnerlistItem.qml:18:2: Unable to assign [undefined] to int
qrc:/ui/MainWindow/Partnerlist/PartnerlistItem.qml:20:2: Unable to assign [undefined] to int
qrc:/ui/MainWindow/Partnerlist/PartnerlistItem.qml:19:2: Unable to assign [undefined] to int
qrc:/ui/MainWindow/Partnerlist/PartnerlistItem.qml:18:2: Unable to assign [undefined] to int
qrc:/ui/MainWindow/Partnerlist/PartnerlistItem.qml:20:2: Unable to assign [undefined] to int
qrc:/ui/MainWindow/Partnerlist/PartnerlistItem.qml:19:2: Unable to assign [undefined] to int
qrc:/ui/MainWindow/Partnerlist/PartnerlistItem.qml:18:2: Unable to assign [undefined] to int
qrc:/ui/MainWindow/Partnerlist/PartnerlistItem.qml:20:2: Unable to assign [undefined] to int
qrc:/ui/MainWindow/Partnerlist/PartnerlistItem.qml:19:2: Unable to assign [undefined] to int
qrc:/ui/MainWindow/Partnerlist/PartnerlistItem.qml:18:2: Unable to assign [undefined] to int
qrc:/ui/MainWindow/Partnerlist/PartnerlistItem.qml:20:2: Unable to assign [undefined] to int
qrc:/ui/MainWindow/Partnerlist/PartnerlistItem.qml:19:2: Unable to assign [undefined] to int
qrc:/ui/MainWindow/Partnerlist/PartnerlistItem.qml:18:2: Unable to assign [undefined] to int
qrc:/ui/MainWindow/Partnerlist/Partnerlist.qml:24: TypeError: Cannot read property 'itemModel' of null
qrc:/ui/MainWindow/Partnerlist/PartnerlistItem.qml:20:2: Unable to assign [undefined] to int
qrc:/ui/MainWindow/Partnerlist/PartnerlistItem.qml:19:2: Unable to assign [undefined] to int
qrc:/ui/MainWindow/Partnerlist/PartnerlistItem.qml:18:2: Unable to assign [undefined] to int
qrc:/ui/MainWindow/Partnerlist/PartnerlistItem.qml:20:2: Unable to assign [undefined] to int
qrc:/ui/MainWindow/Partnerlist/PartnerlistItem.qml:19:2: Unable to assign [undefined] to int
qrc:/ui/MainWindow/Partnerlist/PartnerlistItem.qml:18:2: Unable to assign [undefined] to int
qrc:/ui/MainWindow/Partnerlist/PartnerlistItem.qml:20:2: Unable to assign [undefined] to int
qrc:/ui/MainWindow/Partnerlist/PartnerlistItem.qml:19:2: Unable to assign [undefined] to int
qrc:/ui/MainWindow/Partnerlist/PartnerlistItem.qml:18:2: Unable to assign [undefined] to int
qrc:/ui/MainWindow/Partnerlist/PartnerlistItem.qml:20:2: Unable to assign [undefined] to int
qrc:/ui/MainWindow/Partnerlist/PartnerlistItem.qml:19:2: Unable to assign [undefined] to int
qrc:/ui/MainWindow/Partnerlist/PartnerlistItem.qml:18:2: Unable to assign [undefined] to int
qrc:/ui/MainWindow/Partnerlist/PartnerlistItem.qml:20:2: Unable to assign [undefined] to int
qrc:/ui/MainWindow/Partnerlist/PartnerlistItem.qml:19:2: Unable to assign [undefined] to int
qrc:/ui/MainWindow/Partnerlist/PartnerlistItem.qml:18:2: Unable to assign [undefined] to int
